#
# A fatal error has been detected by the Java Runtime Environment:
#
#  EXCEPTION_ACCESS_VIOLATION (0xc0000005) at pc=0x6d0b6b30, pid=672, tid=5572
#
# JRE version: 6.0_22-b04
# Java VM: Java HotSpot(TM) Client VM (17.1-b03 mixed mode, sharing windows-x86 )
# Problematic frame:
# C  [awt.dll+0xb6b30]
#
# If you would like to submit a bug report, please visit:
#   http://java.sun.com/webapps/bugreport/crash.jsp
# The crash happened outside the Java Virtual Machine in native code.
# See problematic frame for where to report the bug.
#

---------------  T H R E A D  ---------------

Current thread (0x04ab0c00):  JavaThread "AWT-Windows" daemon [_thread_in_native, id=5572, stack(0x05010000,0x05060000)]

siginfo: ExceptionCode=0xc0000005, reading address 0x00000000

Registers:
EAX=0x0505f6a4, EBX=0x05251cf0, ECX=0x00000000, EDX=0x000000c0
ESP=0x0505f68c, EBP=0x0505f838, ESI=0x00000000, EDI=0x000000c0
EIP=0x6d0b6b30, EFLAGS=0x00010206

Top of Stack: (sp=0x0505f68c)
0x0505f68c:   0505f6a4 00002000 00000742 01946fd8
0x0505f69c:   00000019 00000742 01946fd8 6d0aed4b
0x0505f6ac:   00000000 019a86ac 00000412 01946fd8
0x0505f6bc:   0505f69c 0505f838 00000412 00000742
0x0505f6cc:   01946fd8 6d0b271f 44e84000 44824000
0x0505f6dc:   00000742 00000412 019a8698 6d0b31e1
0x0505f6ec:   6d0b367d 00000000 00000000 00000742
0x0505f6fc:   00000019 00009824 04ab0d18 00000001 

Instructions: (pc=0x6d0b6b30)
0x6d0b6b20:   05 00 20 00 00 50 c1 e2 05 8d 44 24 14 50 8b fa
0x6d0b6b30:   8b 16 57 c1 e1 05 51 56 ff 52 2c 85 c0 0f 8c 93 


Stack: [0x05010000,0x05060000],  sp=0x0505f68c,  free space=13d0505f1a8k
Native frames: (J=compiled Java code, j=interpreted, Vv=VM code, C=native code)
C  [awt.dll+0xb6b30]
C  [awt.dll+0x9c74c]
C  [USER32.dll+0x186ef]
C  [USER32.dll+0x18876]
C  [USER32.dll+0x170f4]
C  [USER32.dll+0x1738f]
C  [ntdll.dll+0x4642e]
C  [USER32.dll+0x192a9]

Java frames: (J=compiled Java code, j=interpreted, Vv=VM code)
j  sun.awt.windows.WToolkit.eventLoop()V+0
j  sun.awt.windows.WToolkit.run()V+52
j  java.lang.Thread.run()V+11
v  ~StubRoutines::call_stub

---------------  P R O C E S S  ---------------

Java Threads: ( => current thread )
  0x0538c800 JavaThread "TimerQueue" daemon [_thread_blocked, id=2224, stack(0x091b0000,0x09200000)]
  0x003b9000 JavaThread "DestroyJavaVM" [_thread_blocked, id=5636, stack(0x00190000,0x001e0000)]
  0x052a8c00 JavaThread "D3D Screen Updater" daemon [_thread_blocked, id=5304, stack(0x08ed0000,0x08f20000)]
  0x0527a000 JavaThread "AWT-EventQueue-0" [_thread_in_native, id=3952, stack(0x08df0000,0x08e40000)]
  0x01946c00 JavaThread "AWT-Shutdown" [_thread_blocked, id=2064, stack(0x06080000,0x060d0000)]
=>0x04ab0c00 JavaThread "AWT-Windows" daemon [_thread_in_native, id=5572, stack(0x05010000,0x05060000)]
  0x049cb400 JavaThread "Java2D Disposer" daemon [_thread_blocked, id=5228, stack(0x040c0000,0x04110000)]
  0x01926400 JavaThread "Low Memory Detector" daemon [_thread_blocked, id=4520, stack(0x03dd0000,0x03e20000)]
  0x01921000 JavaThread "CompilerThread0" daemon [_thread_blocked, id=5856, stack(0x03d80000,0x03dd0000)]
  0x0191dc00 JavaThread "Attach Listener" daemon [_thread_blocked, id=3460, stack(0x03d30000,0x03d80000)]
  0x0191ac00 JavaThread "Signal Dispatcher" daemon [_thread_blocked, id=3016, stack(0x03ce0000,0x03d30000)]
  0x01915c00 JavaThread "Finalizer" daemon [_thread_blocked, id=5580, stack(0x03c90000,0x03ce0000)]
  0x01911000 JavaThread "Reference Handler" daemon [_thread_blocked, id=4768, stack(0x03c40000,0x03c90000)]

Other Threads:
  0x0190f800 VMThread [stack: 0x03bf0000,0x03c40000] [id=5480]
  0x01938c00 WatcherThread [stack: 0x03e20000,0x03e70000] [id=1532]

VM state:not at safepoint (normal execution)

VM Mutex/Monitor currently owned by a thread: None

Heap
 def new generation   total 76864K, used 34510K [0x146f0000, 0x19a50000, 0x1ed90000)
  eden space 68352K,  38% used [0x146f0000, 0x160f1280, 0x189b0000)
  from space 8512K,  92% used [0x19200000, 0x199b2648, 0x19a50000)
  to   space 8512K,   0% used [0x189b0000, 0x189b0000, 0x19200000)
 tenured generation   total 170688K, used 18547K [0x1ed90000, 0x29440000, 0x33af0000)
   the space 170688K,  10% used [0x1ed90000, 0x1ffacce8, 0x1fface00, 0x29440000)
 compacting perm gen  total 20224K, used 20030K [0x33af0000, 0x34eb0000, 0x37af0000)
   the space 20224K,  99% used [0x33af0000, 0x34e7f998, 0x34e7fa00, 0x34eb0000)
    ro space 10240K,  51% used [0x37af0000, 0x3801baf8, 0x3801bc00, 0x384f0000)
    rw space 12288K,  54% used [0x384f0000, 0x38b876d8, 0x38b87800, 0x390f0000)

Dynamic libraries:
0x00400000 - 0x00424000 	C:\Windows\system32\java.exe
0x773f0000 - 0x7752c000 	C:\Windows\SYSTEM32\ntdll.dll
0x75bc0000 - 0x75c94000 	C:\Windows\system32\kernel32.dll
0x757a0000 - 0x757ea000 	C:\Windows\system32\KERNELBASE.dll
0x75d70000 - 0x75e10000 	C:\Windows\system32\ADVAPI32.dll
0x75e10000 - 0x75ebc000 	C:\Windows\system32\msvcrt.dll
0x77550000 - 0x77569000 	C:\Windows\SYSTEM32\sechost.dll
0x75a30000 - 0x75ad1000 	C:\Windows\system32\RPCRT4.dll
0x7c340000 - 0x7c396000 	C:\Program Files\Java\jre6\bin\msvcr71.dll
0x6d7f0000 - 0x6da97000 	C:\Program Files\Java\jre6\bin\client\jvm.dll
0x75af0000 - 0x75bb9000 	C:\Windows\system32\USER32.dll
0x762c0000 - 0x7630e000 	C:\Windows\system32\GDI32.dll
0x77610000 - 0x7761a000 	C:\Windows\system32\LPK.dll
0x77570000 - 0x7760d000 	C:\Windows\system32\USP10.dll
0x73910000 - 0x73942000 	C:\Windows\system32\WINMM.dll
0x76140000 - 0x7615f000 	C:\Windows\system32\IMM32.DLL
0x75ca0000 - 0x75d6c000 	C:\Windows\system32\MSCTF.dll
0x75470000 - 0x754bb000 	C:\Windows\system32\apphelp.dll
0x6d7a0000 - 0x6d7ac000 	C:\Program Files\Java\jre6\bin\verify.dll
0x6d320000 - 0x6d33f000 	C:\Program Files\Java\jre6\bin\java.dll
0x6d280000 - 0x6d288000 	C:\Program Files\Java\jre6\bin\hpi.dll
0x77540000 - 0x77545000 	C:\Windows\system32\PSAPI.DLL
0x6d7e0000 - 0x6d7ef000 	C:\Program Files\Java\jre6\bin\zip.dll
0x6d600000 - 0x6d613000 	C:\Program Files\Java\jre6\bin\net.dll
0x76590000 - 0x765c5000 	C:\Windows\system32\WS2_32.dll
0x75ae0000 - 0x75ae6000 	C:\Windows\system32\NSI.dll
0x74f90000 - 0x74fcc000 	C:\Windows\system32\mswsock.dll
0x750f0000 - 0x750f6000 	C:\Windows\System32\wship6.dll
0x6d620000 - 0x6d629000 	C:\Program Files\Java\jre6\bin\nio.dll
0x6d000000 - 0x6d14a000 	C:\Program Files\Java\jre6\bin\awt.dll
0x6fdc0000 - 0x6fe11000 	C:\Windows\system32\WINSPOOL.DRV
0x76160000 - 0x762bc000 	C:\Windows\system32\ole32.dll
0x744a0000 - 0x7463e000 	C:\Windows\WinSxS\x86_microsoft.windows.common-controls_6595b64144ccf1df_6.0.7600.16385_none_421189da2b7fabfc\COMCTL32.dll
0x76370000 - 0x763c7000 	C:\Windows\system32\SHLWAPI.dll
0x74020000 - 0x74033000 	C:\Windows\system32\DWMAPI.DLL
0x74340000 - 0x74380000 	C:\Windows\system32\uxtheme.dll
0x6d230000 - 0x6d27f000 	C:\Program Files\Java\jre6\bin\fontmanager.dll
0x003e0000 - 0x003ef000 	p:\Program Files\TeamViewer\Version6\tv_w32.dll
0x6c240000 - 0x6c267000 	C:\Windows\system32\CRTDLL.dll
0x754c0000 - 0x754cc000 	C:\Windows\system32\CRYPTBASE.dll
0x76660000 - 0x772a9000 	C:\Windows\system32\shell32.dll
0x61a70000 - 0x61c33000 	C:\Windows\system32\d3d9.dll
0x74a40000 - 0x74a49000 	C:\Windows\system32\VERSION.dll
0x73340000 - 0x73346000 	C:\Windows\system32\d3d8thk.dll
0x6f820000 - 0x6f82c000 	C:\Windows\system32\MCTUMD.dll
0x6e930000 - 0x6f090000 	C:\Windows\system32\nvd3dum.dll
0x73e40000 - 0x73e65000 	C:\Windows\system32\powrprof.dll
0x75890000 - 0x75a2d000 	C:\Windows\system32\SETUPAPI.dll
0x755c0000 - 0x755e7000 	C:\Windows\system32\CFGMGR32.dll
0x764d0000 - 0x7655f000 	C:\Windows\system32\OLEAUT32.dll
0x75820000 - 0x75832000 	C:\Windows\system32\DEVOBJ.dll
0x74fd0000 - 0x74fe6000 	C:\Windows\system32\CRYPTSP.dll
0x74d80000 - 0x74dbb000 	C:\Windows\system32\rsaenh.dll
0x74ba0000 - 0x74bb7000 	C:\Windows\system32\USERENV.dll
0x75540000 - 0x7554b000 	C:\Windows\system32\profapi.dll
0x738c0000 - 0x738d0000 	C:\Windows\system32\NLAapi.dll
0x74e60000 - 0x74ea4000 	C:\Windows\system32\DNSAPI.dll
0x6d6f0000 - 0x6d6f8000 	C:\Windows\System32\winrnr.dll
0x6d6e0000 - 0x6d6f0000 	C:\Windows\system32\napinsp.dll
0x6d1d0000 - 0x6d1e2000 	C:\Windows\system32\pnrpnsp.dll
0x6ff00000 - 0x6ff25000 	C:\Program Files\Bonjour\mdnsNSP.dll
0x73490000 - 0x734ac000 	C:\Windows\system32\Iphlpapi.DLL
0x73480000 - 0x73487000 	C:\Windows\system32\WINNSI.DLL
0x74ad0000 - 0x74ad5000 	C:\Windows\System32\wshtcpip.dll
0x6fef0000 - 0x6fef6000 	C:\Windows\system32\rasadhlp.dll
0x71e80000 - 0x71eb8000 	C:\Windows\System32\fwpuclnt.dll
0x765d0000 - 0x76653000 	C:\Windows\system32\CLBCatQ.DLL

VM Arguments:
jvm_args: -Xms262144000 -Xmx524288000 
java_command: com.zerog.lax.LAX P:/Program Files/Protege_3.4.3/Protege.lax C:/Users/Krish/AppData/Local/Temp/laxAE59.tmp D:\\Dropbox\\Krishna\\NetBeansProjects\\mapping_files\\ontologies\\SemReg_v2.pprj
Launcher Type: SUN_STANDARD

Environment Variables:
CLASSPATH=.;C:\Program Files\Java\jre6\lib\ext\QTJava.zip
PATH=p:\Program Files\MiKTeX 2.8\miktex\bin;C:\Program Files\PC Connectivity Solution\;p:\Program Files\Mendeley Desktop\wordPlugin;.;P:\Program Files\Java\jdk1.6.0_13\bin;C:\Program Files\QuickTime\QTSystem\;C:\Program Files\Common Files\HP\Digital Imaging\bin;C:\Program Files\HP\Digital Imaging\bin\;C:\Program Files\HP\Digital Imaging\bin\Qt\Qt 4.3.3;P:\Program Files\Mendeley Desktop\wordPlugin;C:\Users\Krish\AppData\Roaming\MiKTeX\2.8\miktex\bin\
USERNAME=Krish
OS=Windows_NT
PROCESSOR_IDENTIFIER=x86 Family 6 Model 15 Stepping 6, GenuineIntel



---------------  S Y S T E M  ---------------

OS: Windows 7 Build 7600 

CPU:total 2 (2 cores per cpu, 1 threads per core) family 6 model 15 stepping 6, cmov, cx8, fxsr, mmx, sse, sse2, sse3, ssse3

Memory: 4k page, physical 3669240k(1446668k free), swap 6739476k(3850620k free)

vm_info: Java HotSpot(TM) Client VM (17.1-b03) for windows-x86 JRE (1.6.0_22-b04), built on Sep 15 2010 00:56:36 by "java_re" with MS VC++ 7.1 (VS2003)

time: Mon Jul 11 09:54:50 2011
elapsed time: 652 seconds

