Acetic
Acid
Active
Actuating
Administrations
Analytical
Anhydrade
Approved
Assess
Assessment
Assistant
Assurance
Auditor
Batch
Blender
Centrifuge
Centrifuging
Charging
Chemicals
Chromotograph
Classifying
Cleaning
Cleanliness
Clerical
Column
Computer
Construction
Contents
Control
Controller
Cooling
Coordinator
Crystallization
Crystallizer
Customer
Delaying
Department
Deviation
Disapproved
Distillation
Document
Dryer
Drying
Engineer
Equipment
Evaluation
Extraction
Filter
Filtering
Flow
Glacial
Heating
Impurities
Ingredient
Inspector
Intermediate
Intra
Investigation
Isobaric
Lab
Label
Laboratory
Maintenance
Manager
Material
Mill
Milling
Name
Number
Officer
Operating
Operation
Operator
Party
Personnel
Pharma
Pharmaceutical
Pipe
Position
Post
Pre
Procedure
Process
Processing
Production
Pump
Purchase
Purchasing
Purging
Quality
Reaction
Reactor
Report
Representative
Salicylic
Sensor
Sinking
Spectroscopy
Standard
Starting
Status
Stoich
Storage
Substance
Supplier
Tank
Task
Technician
Test
Testing
Thermal
Third
Validation
Valve
Washing
Water
Written
Yield
