Aertex
Agenize
Bertillon system
C. W. Post
Charles William Post
Emily Post
Emily Price Post
HAZMAT
MOT
Manhattan Project
Post
Snellen test
Velcro
Viyella
Wiley Post
aba
abrasive
academicianship
accept
accountantship
acquisition
acromion
acrosome
acrylic
act
action
activity
aculea
addition reaction
adhesive material
admiralty
adventure
affect
affix
afford
agree
air-condition
airmail
ala
aldol reaction
alpaca
alpha test
alveolar arch
alveolar ridge
ambassadorship
ammoniate
ammunition
analysis
animal material
announce
answer
apophysis
apostleship
apparatus
appendage
appendix
applicant
appraise
apprenticeship
arista
artifact
assay
assess
assignment
atom
attack
attempt
attorneyship
audition
auspicate
authentication
automation
automatism
aviator
baby
backlash
bailiffship
baize
ball-buster
bar examination
bargain
base
basic cognitive process
basket weave
bathe
batik
batiste
be
bear
begin
belting
beneficiate
berth
beta test
billet
bimetal
bishopry
bituminize
black marketeer
blaze
bodily process
body part
boggle
bollard
boucle
brand
break in
break out
bream
bridgehead
bring about
broadcloth
brocade
bromate
brush
buckle under
buckram
bud
builder
bunting
businessperson
buy
buy back
buying
cadetship
calculate
calculation
calico
caliphate
call
cambric
camel's hair
camlet
camouflage
camphorate
canopy
canvas
captainship
carbonate
carboxylate
cardinalship
carrick bitt
carry
caruncle
cashmere
caterer
cede
censor
cerecloth
chain reaction
chairmanship
challenge
challis
chambray
chancellorship
change
chaplaincy
charge
check
chelation
chemical
chemical equilibrium
chemical process
chemical reaction
chenille
chieftaincy
chiffon
chino
chintz
chlorinate
chore
chrome
cinch
cirrus
citation
clean
clean house
cleaning
cleanliness
cleanse
cleansing
cleanup
clerkship
clinical trial
cloth
coating
cognition
cognitive operation
cognitive process
coldwork
collection
coloring material
come on
commandership
commence
communication
company
composite material
comptrollership
concede
condensation
condition
conductor
condyle
connection
conservatism
consulship
contaminant
control
controllership
cooling system
copy
cord
corner post
coronoid process
corporeal
cotton
cotton flannel
councillorship
counselorship
count
countermarch
covering
crank
creosote
crepe
crest
cretonne
crinoline
crop
curacy
curatorship
curry
custodianship
damask
dawn
dealignment
deanship
debouch
decomposition
decontaminate
decrease
defense mechanism
degeneration
delegate
deliver
delivery
denim
depart
depilation
deprive
determination
determine
detritus
development
diagnostic procedure
diamagnet
diamonte
diaper
die
digest
dimity
directorship
disagreeable task
discharge
discipleship
disinfect
disinfestation
dispenser
displacement
distributor
documentation
doeskin
dose
double blind
double decomposition
double take
douche
drapery
drug company
dry clean
dry cleaning
duck
duffel
dust
duty
earth
ease up
economic process
economic rent
editorship
elastic
elastomer
eldership
electrical system
electronic equipment
elimination reaction
embark
embark on
emergency procedure
emirate
empiricism
encapsulation
endothermic reaction
enterprise
entrance examination
epicondyle
equipment
erupt
essay
establishment
estimate
etamine
evaluate
exam
examination
examine
excrescence
execution
exothermic reaction
expedite
experiment
experimental procedure
express
express-mail
fabric
faille
fall
fan mail
fastidiousness
fatherhood
felt
fetlock
fiber
field trial
field-test
file
filling
fimbria
final examination
fingerprinting
fitting
flagellum
flannel
flannelette
fleece
float
floccule
floss
fluff
fluoridate
foam
food manufacturer
force
foremanship
forgive
fort
foulard
frieze
fruit
fuel system
fumigate
fustian
gabardine
gain
galvanic skin response
game equipment
garrison
gatepost
gear
generalship
generate
genetic profiling
georgette
get
get cracking
get down
get going
get off the ground
get to
gingham
give
give in
give way
go
go back
go on
goalpost
goose step
governorship
grade
grant
grogram
groom
grosgrain
habit
hair
haircloth
hate mail
headship
herringbone
higher cognitive process
hitching post
homespun
homogenate
hop pole
hopsacking
horn
horsehair
hot seat
hot-wire
houseclean
housecleaning
human process
humate
hydrolysis
idea
immune response
impregnation
improvement
impulse-buy
inaugurate
income
increase
incumbency
indefinite quantity
indirection
industrial process
influence
information
initiate
inquiry
inspectorship
install
instructorship
instrumentality
insulator
intelligence test
internship
investigating
investigation
iodize
irradiate
irreversible process
issue
iteration
jaconet
jacquard
job
judge
judgship
jump
jump off
jumpstart
khadi
khaki
khanate
kinesis
king post
knit
knuckle under
labor
labor of love
lace
lame
lamppost
lead off
lead up
learned reaction
leatherette
leave
lectureship
legation
legislatorship
leverage
librarianship
lieutenancy
life-support system
linen
linsey-woolsey
lint
lisle
list
litigate
litmus test
locate
lookout
lubricant
mackinaw
mackintosh
madras
magistracy
mail
mail service
mailing
make
make clean
malt
manage
managership
manhood
mapping
marathon
march
mark
marseille
marshalship
mastership
mastoid
material
materiel
mayoralty
maypole
measure
mechanical phenomenon
medical procedure
mental measurement
mental process
mental test
mental testing
mercerize
messiahship
metaphysis
midterm examination
military installation
military post
mineral
moderatorship
mohair
moire
moleskin
monetization
monition
monk's cloth
moquette
moreen
motley
mousseline de sole
move
move over
muslin
nankeen
natural process
naval equipment
net
neutralization
newel post
ninon
nitrate
nitrify
no-brainer
nylon
occupation
odontoid process
office
oilcloth
olecranon
olive drab
open
operating procedure
operation
oral
organic process
organza
originate
osteophyte
outgrowth
outpost
output
outstation
overlordship
overreaction
overwork
oxidation
oxidation-reduction
oxygenate
packaging
packing material
paisley
panting
paper
papilla
parade
part
particulate
passage
pastorship
pay
pay off
payback
payoff
peasanthood
pepper-and-salt
percale
permanent press
personality test
pharma
pharmaceutical company
phenomenon
photochemical reaction
photographic equipment
photography
photomechanics
pick
pick up
picking
piece of cloth
pilot cloth
pilot project
pina cloth
pipe-clay
pique
placard
place
plant material
plant process
play
plunge
plush
police work
polyester
pongee
poplin
position
post
postal service
praetorship
praise
precentorship
preceptorship
preclinical trial
preen
prefecture
prelacy
preliminary examination
premiership
preservation
presidency
primateship
principalship
print
priorship
probate
probe
procedure
proceeds
process
processing
proconsulship
proctorship
produce
product
production
professorship
project
proof
propagate
proposition
protectorship
prove
provider
pseudopod
psychometric test
pterygoid process
public office
purchase
purge
purification
purveyor
put up
queen post
quilting
quiz
rack
radioactive material
radiotherapy equipment
railing
rate
raw material
rayon
reaction
real
rear back
reassess
rebound
receivership
recommence
record
recorder
recruiter
redemption
reduction
refine
reflex
regency
register
rehash
relent
remove
render
rep
rescue equipment
research
residency
resistance
response
restart
return
reverberate
reversible process
rework
ride horseback
ridge
rigmarole
rind
road test
roar off
robotics equipment
rock
roofing
routine
rudderpost
rule
rulership
run
sackcloth
sacking
sailcloth
sainthood
sally forth
samite
sanitation
sanitize
saponification
sateen
satellite
satin
scald
scavenge
score
screen
screening
scrim
scrub
sealing material
search
secretaryship
seed
seersucker
senatorship
send
sensitization
serge
serve
set
set about
set forth
set in
set off
set out
shag
shantung
shaping
sharkskin
sheeting
shirting
shirttail
shy
silesia
silk
sinecure
situation
snail mail
soap
soften
solicitorship
sorbate
sorbent
spandex
speakership
spicule
spine
sponge cloth
sports equipment
spot
spring-clean
spring-cleaning
stake
stammel
stanchion
standard
standardize
start
start out
start up
starting
starting post
startle
station
steam
sterilization
stewardship
stiffening
stint
stock buyback
stock-in-trade
stockist
strain
stretch
strike out
strip
studentship
stuff
stump
style
styloid process
sub-test
submit
subpoena
subscribe
substance
substantial
substantiation
succumb
sue
suede cloth
suiting
sulphur
summons
supplier
supply
surrender
sutler
swan's down
swear out
sweep
sweeping
tabulation
taffeta
tail
take
take off
take office
take out
take over
take up
takings
tall order
tammy
tank
tapa
tapestry
tartan
task
tax
taxis
teachership
teaching aid
telephone pole
tentacle
terry
test
test equipment
test paper
textile
thaneship
thickening
throne
ticket
ticking
tidiness
tidy
till
timber
toner
tool
toweling
trait
transfer
transform
transfusion reaction
transparent substance
transverse process
treasurership
treat
trial
trial balloon
trial run
tribuneship
tripos
trochanter
tropism
truckle
try
try out
tryout
tuberosity
turn
tweed
twill
unconscious process
undercut
undertaking
upholstery material
upright
uptake
vacuum
validation
valuate
value
velours
velvet
velveteen
venture
vernix
viceroyship
vicuna
villus
visual signal
viziership
voile
vulcanize
walk
wardenship
wardership
wash
wash up
wash-and-wear
washup
waste
waterproof
web
webbing
whipcord
whipping post
wincey
winning post
winnow
wire cloth
wiretap
womanhood
wool
work
work on
worsted
writ
writer
yield
yoke
zygomatic process
