of all persons involved
in in the form of separate QA and QC units or a single individual or group
at the time they are performed
notifying responsible management in a timely manner of regulatory inspections, serious GMP deficiencies, product defects and related actions -LRB- e.g. quality
in all quality-related matters
in with accordance
in a timely and effective manner
with the objective of verifying
of of of of of of of critical in-process control and critical API test results; - A review of all batches that failed to meet established specification -LRB- s -RRB-; - A review of all critical deviations or non-conformances and related investigations; - A review of any changes carried out to the processes or analytical methods; - A review of results of the stability monitoring program; - A review of all quality-related returns, complaints and recalls; and - A review
whether corrective action or any revalidation should be undertaken
There should be an adequate number of personnel qualified by appropriate education, training and\/or experience to perform and supervise the manufacture
writing
at a minimum, the particular operations
to protect intermediates and APIs from contamination
with with intermediates or APIs
to certain designated areas separate
in activities that could result
from activities where the health condition could adversely affect
education, training, and experience, or any combination thereof, to advise on the subject
stating the name, address, qualifications, and type of service provided
to facilitate cleaning, maintenance, and operations as appropriate
to minimize potential contamination
to limit exposure to objectionable microbiological contaminants
for the orderly placement of equipment and materials
to prevent mix-ups or contamination
for the following activities
for personnel
with with with hot and cold water as appropriate, 13 soap or detergent, air driers or single service towels
from accessible to, manufacturing areas